<?xml version="1.0" encoding="UTF-8"?>
<!-- Generated by org.testng.reporters.JUnitReportReporter -->
<testsuite skipped="0" hostname="Julidell" name="com.valentine.test.AddCommentToItemTest" tests="1" failures="0" timestamp="23 трав. 2017 15:22:13 GMT" time="0.142" errors="0">
  <testcase name="testAddingAComment" time="0.142" classname="com.valentine.test.AddCommentToItemTest"/>
</testsuite> <!-- com.valentine.test.AddCommentToItemTest -->
