<?xml version="1.0" encoding="UTF-8"?>
<!-- Generated by org.testng.reporters.JUnitReportReporter -->
<testsuite skipped="0" hostname="Julidell" name="com.valentine.test.ContinueShoppingFromCartTest" tests="2" failures="0" timestamp="23 трав. 2017 14:51:45 GMT" time="5.398" errors="0">
  <testcase name="testContinueShoppingButtonRedirectsToHomePage" time="2.644" classname="com.valentine.test.ContinueShoppingFromCartTest"/>
  <testcase name="testAddingSecondItemToShoppingCart" time="2.754" classname="com.valentine.test.ContinueShoppingFromCartTest"/>
</testsuite> <!-- com.valentine.test.ContinueShoppingFromCartTest -->
