<?xml version="1.0" encoding="UTF-8"?>
<!-- Generated by org.testng.reporters.JUnitReportReporter -->
<testsuite skipped="0" hostname="Julidell" name="com.valentine.test.AddItemToCartTest" tests="2" failures="0" timestamp="23 трав. 2017 12:55:57 GMT" time="16.763" errors="0">
  <testcase name="testTheAddCartButtonOpensPopup" time="13.362" classname="com.valentine.test.AddItemToCartTest"/>
  <testcase name="testAddToCartButtonOnPopupRedirectsToCartPage" time="3.401" classname="com.valentine.test.AddItemToCartTest"/>
</testsuite> <!-- com.valentine.test.AddItemToCartTest -->
