<?xml version="1.0" encoding="UTF-8"?>
<!-- Generated by org.testng.reporters.JUnitReportReporter -->
<testsuite skipped="0" hostname="Julidell" name="com.valentine.test.NavigationRefactoredTest" tests="4" failures="0" timestamp="01 черв. 2017 10:52:27 GMT" time="42.284" errors="0">
  <testcase name="navigationToPurchaseFormPage" time="13.301" classname="com.valentine.test.NavigationRefactoredTest"/>
  <testcase name="navigationToStorePage" time="9.540" classname="com.valentine.test.NavigationRefactoredTest"/>
  <testcase name="testClickCodeLink" time="9.657" classname="com.valentine.test.NavigationRefactoredTest"/>
  <testcase name="testClickContactUsLink" time="9.786" classname="com.valentine.test.NavigationRefactoredTest"/>
</testsuite> <!-- com.valentine.test.NavigationRefactoredTest -->
