<?xml version="1.0" encoding="UTF-8"?>
<!-- Generated by org.testng.reporters.JUnitReportReporter -->
<testsuite skipped="0" hostname="Julidell" name="com.valentine.test.AddSecondItemToCartTest" tests="4" failures="0" timestamp="20 трав. 2017 08:44:55 GMT" time="21.714" errors="0">
  <testcase name="ttestAddSecondItemToCartVerifyingPrice" time="1.270" classname="com.valentine.test.AddSecondItemToCartTest"/>
  <testcase name="testTheAddCartButtonOpensPopup" time="13.641" classname="com.valentine.test.AddSecondItemToCartTest"/>
  <testcase name="testAddToCartButtonOnPopupRedirectsToCartPage" time="5.617" classname="com.valentine.test.AddSecondItemToCartTest"/>
  <testcase name="ttestAddSecondItemToCartVerifyingTitle" time="1.186" classname="com.valentine.test.AddSecondItemToCartTest"/>
</testsuite> <!-- com.valentine.test.AddSecondItemToCartTest -->
