<?xml version="1.0" encoding="UTF-8"?>
<!-- Generated by org.testng.reporters.JUnitReportReporter -->
<testsuite skipped="0" hostname="Julidell" name="com.valentine.test.NavigationByLinksTest" tests="4" failures="0" timestamp="31 трав. 2017 12:20:32 GMT" time="38.638" errors="0">
  <testcase name="navigationToStorePage" time="11.551" classname="com.valentine.test.NavigationByLinksTest"/>
  <testcase name="navigationToPurchaseFormPage" time="8.898" classname="com.valentine.test.NavigationByLinksTest"/>
  <testcase name="navigationToContactUsPage" time="9.254" classname="com.valentine.test.NavigationByLinksTest"/>
  <testcase name="navigationToCodePage" time="8.935" classname="com.valentine.test.NavigationByLinksTest"/>
</testsuite> <!-- com.valentine.test.NavigationByLinksTest -->
