<?xml version="1.0" encoding="UTF-8"?>
<!-- Generated by org.testng.reporters.JUnitReportReporter -->
<testsuite skipped="0" hostname="Julidell" name="com.valentine.test.NavigationByLinksTest" tests="4" failures="0" timestamp="26 трав. 2017 15:51:43 GMT" time="42.693" errors="0">
  <testcase name="NavigationToCodePage" time="9.832" classname="com.valentine.test.NavigationByLinksTest"/>
  <testcase name="NavigationToContactUsPage" time="12.372" classname="com.valentine.test.NavigationByLinksTest"/>
  <testcase name="NavigationToStorePage" time="11.710" classname="com.valentine.test.NavigationByLinksTest"/>
  <testcase name="NavigationToPurchaseFormPage" time="8.779" classname="com.valentine.test.NavigationByLinksTest"/>
</testsuite> <!-- com.valentine.test.NavigationByLinksTest -->
